MPASM  5.35                  ELEVATOR_NEW.ASM   6-3-2019  23:15:18         PAGE  1


LOC  OBJECT CODE     LINE SOURCE TEXT
  VALUE

                      00001 ;************** TRABALHIN ZIKA (help) GGEZ *****************
Warning[205]: Found directive in column 1. (LIST)
                      00002 LIST   P=PIC16F628A
Warning[205]: Found directive in column 1. (RADIX)
                      00003 RADIX DEC       
                      00004 #INCLUDE <P16F628A.INC>
                      00001         LIST
                      00002 ; P16F628A.INC  Standard Header File, Version 1.10    Microchip Technology, Inc.
                      00265         LIST
                      00266 
2007   3F10           00005         __CONFIG H'3F10'
                      00006 
                      00007         CBLOCK  0x20    ;ENDEREÇO INICIAL DA MEMÓRIA DE
                      00008                                         ;USUÁRIO
  00000020            00009         CONTADOR1
  00000021            00010         CONTADOR2
  00000022            00011         CONTADOR3
                      00012 
                      00013         ENDC                    ;FIM DO BLOCO DE MEMÓRIA        
                      00014 
                      00015         #DEFINE BOTAO PORTA,2 ;PORTA DO BOTÃO
                      00016                                           ; 0 -> PRESSIONADO
                      00017                                           ; 1 -> LIBERADO
                      00018 
                      00019         #DEFINE TERREO PORTB,0  ;PORTA DO LED TERREO
                      00020                                         ; 0 -> APAGADO
                      00021                                         ; 1 -> ACESO    
                      00022 
                      00023         #DEFINE PRIMEIRO PORTB,1        ;PORTA DO LED PRIMEIRO ANDAR
                      00024                                         ; 0 -> APAGADO
                      00025                                         ; 1 -> ACESO    
                      00026 
                      00027         #DEFINE SEGUNDO PORTB,2 ;PORTA DO LED SEGUNDO ANDAR
                      00028                                         ; 0 -> APAGADO
                      00029                                         ; 1 -> ACESO    
                      00030 
                      00031         #DEFINE TERCEIRO PORTB,3        ;PORTA DO LED TERCEIRO ANDAR
                      00032                                         ; 0 -> APAGADO
                      00033                                         ; 1 -> ACESO    
                      00034 
                      00035         #DEFINE QUARTO PORTB,4  ;PORTA DO LED QUARTO ANDAR
                      00036                                         ; 0 -> APAGADO
                      00037                                         ; 1 -> ACESO    
                      00038 
                      00039         #DEFINE CONTROLE PORTB,5 ;PORTA DO LED CONTROLE
                      00040                                         ; 0 -> APAGADO
                      00041                                         ; 1 -> ACESO    
                      00042         
                      00043         ORG     0x00            ;ENDEREÇO INICIAL DE PROCESSAMENTO
0000   2???           00044         GOTO    INICIO
                      00045                 
0001                  00046 INICIO
0001   0185           00047         CLRF    PORTA           ;LIMPA O PORTA
MPASM  5.35                  ELEVATOR_NEW.ASM   6-3-2019  23:15:18         PAGE  2


LOC  OBJECT CODE     LINE SOURCE TEXT
  VALUE

0002   0186           00048         CLRF    PORTB           ;LIMPA O PORTB
0003   1683           00049         BSF STATUS, RP0                 ;ALTERA PARA O BANCO 1
0004   3004           00050         MOVLW   B'00000100'
Message[302]: Register in operand not in bank 0.  Ensure that bank bits are correct.
0005   0085           00051         MOVWF   TRISA           ;DEFINE RA2 COMO ENTRADA E DEMAIS COMO SAÍDAS
Message[302]: Register in operand not in bank 0.  Ensure that bank bits are correct.
0006   0186           00052         CLRF    TRISB           ;DEFINE TODO O PORTB COMO SAÍDA
0007   018B           00053         CLRF    INTCON          ;TODAS AS INTERRUPÇÕES DESLIGADAS
0008   1283           00054         BCF STATUS, RP0 ;RETORNA PARA O BANCO 0
0009   3007           00055         MOVLW   B'00000111'
000A   009F           00056         MOVWF   CMCON           ;DEFINE O MODO DO COMPARADOR ANALÓGICO
                      00057 
                      00058 ;;ROTINA PRINCIPAL DO PROGRAMA
000B                  00059 REPETE
000B   2???           00060         CALL TER
000C   0000           00061         NOP
000D   2???           00062         CALL PRIMEIROANDAR
000E   0000           00063         NOP
000F   2???           00064         CALL SEGUNDOANDAR
0010   0000           00065         NOP
0011   2???           00066         CALL TERCEIROANDAR
0012   0000           00067         NOP
0013   2???           00068         CALL QUARTOANDAR
0014   0000           00069         NOP
0015   2???           00070         CALL TERCEIROANDAR
0016   0000           00071         NOP
0017   2???           00072         CALL SEGUNDOANDAR
0018   0000           00073         NOP
0019   2???           00074         CALL PRIMEIROANDAR
001A   0000           00075         NOP
001B   2???           00076         CALL TER
001C   2???           00077         GOTO REPETE ;DELAY DE 1S
                      00078 
001D                  00079 TER
001D   1406           00080         BSF TERREO
001E   1686           00081         BSF CONTROLE
001F   2???           00082         CALL ATRASO ;DELAY DE 1S
0020   1286           00083         BCF CONTROLE
0021   2???           00084         CALL ATRASO ;DELAY DE 1S
0022   1006           00085         BCF TERREO
0023   1686           00086         BSF CONTROLE
0024   0008           00087         RETURN
                      00088 
0025                  00089 PRIMEIROANDAR
0025   1486           00090         BSF PRIMEIRO
0026   2???           00091         CALL ATRASO ;DELAY DE 1S
0027   1286           00092         BCF CONTROLE
0028   2???           00093         CALL ATRASO ;DELAY DE 1S
0029   1086           00094         BCF PRIMEIRO
002A   1686           00095         BSF CONTROLE
002B   1486           00096         BSF PRIMEIRO
002C   2???           00097         CALL ATRASO ;DELAY DE 1S
002D   1286           00098         BCF CONTROLE
MPASM  5.35                  ELEVATOR_NEW.ASM   6-3-2019  23:15:18         PAGE  3


LOC  OBJECT CODE     LINE SOURCE TEXT
  VALUE

002E   2???           00099         CALL ATRASO ;DELAY DE 1S
002F   1086           00100         BCF PRIMEIRO
0030   1686           00101         BSF CONTROLE
0031   0008           00102         RETURN
                      00103 
0032                  00104 SEGUNDOANDAR
0032   1506           00105         BSF SEGUNDO
0033   2???           00106         CALL ATRASO ;DELAY DE 1S
0034   1286           00107         BCF CONTROLE
0035   2???           00108         CALL ATRASO ;DELAY DE 1S
0036   1106           00109         BCF SEGUNDO
0037   1686           00110         BSF CONTROLE
0038   1506           00111         BSF SEGUNDO
0039   2???           00112         CALL ATRASO ;DELAY DE 1S
003A   1286           00113         BCF CONTROLE
003B   2???           00114         CALL ATRASO ;DELAY DE 1S
003C   1106           00115         BCF SEGUNDO
003D   1686           00116         BSF CONTROLE
003E   1506           00117         BSF SEGUNDO
003F   2???           00118         CALL ATRASO ;DELAY DE 1S
0040   1286           00119         BCF CONTROLE
0041   2???           00120         CALL ATRASO ;DELAY DE 1S
0042   1106           00121         BCF SEGUNDO
0043   1686           00122         BSF CONTROLE
0044   0008           00123         RETURN
                      00124 
0045                  00125 TERCEIROANDAR
0045   1586           00126         BSF TERCEIRO
0046   2???           00127         CALL ATRASO ;DELAY DE 1S
0047   1286           00128         BCF CONTROLE
0048   2???           00129         CALL ATRASO ;DELAY DE 1S
0049   1186           00130         BCF TERCEIRO
004A   1686           00131         BSF CONTROLE
004B   1586           00132         BSF TERCEIRO
004C   2???           00133         CALL ATRASO ;DELAY DE 1S
004D   1286           00134         BCF CONTROLE
004E   2???           00135         CALL ATRASO ;DELAY DE 1S
004F   1186           00136         BCF TERCEIRO
0050   1686           00137         BSF CONTROLE
0051   1586           00138         BSF TERCEIRO
0052   2???           00139         CALL ATRASO ;DELAY DE 1S
0053   1286           00140         BCF CONTROLE
0054   2???           00141         CALL ATRASO ;DELAY DE 1S
0055   1186           00142         BCF TERCEIRO
0056   1686           00143         BSF CONTROLE
0057   1586           00144         BSF TERCEIRO
0058   2???           00145         CALL ATRASO ;DELAY DE 1S
0059   1286           00146         BCF CONTROLE
005A   2???           00147         CALL ATRASO ;DELAY DE 1S
005B   1186           00148         BCF TERCEIRO
005C   1686           00149         BSF CONTROLE
005D   0008           00150         RETURN
                      00151 
MPASM  5.35                  ELEVATOR_NEW.ASM   6-3-2019  23:15:18         PAGE  4


LOC  OBJECT CODE     LINE SOURCE TEXT
  VALUE

005E                  00152 QUARTOANDAR
005E   1606           00153         BSF QUARTO
005F   2???           00154         CALL ATRASO ;DELAY DE 1S
0060   1286           00155         BCF CONTROLE
0061   2???           00156         CALL ATRASO ;DELAY DE 1S
0062   1206           00157         BCF QUARTO
0063   1686           00158         BSF CONTROLE
0064   1606           00159         BSF QUARTO
0065   2???           00160         CALL ATRASO ;DELAY DE 1S
0066   1286           00161         BCF CONTROLE
0067   2???           00162         CALL ATRASO ;DELAY DE 1S
0068   1206           00163         BCF QUARTO
0069   1686           00164         BSF CONTROLE
006A   1606           00165         BSF QUARTO
006B   2???           00166         CALL ATRASO ;DELAY DE 1S
006C   1286           00167         BCF CONTROLE
006D   2???           00168         CALL ATRASO ;DELAY DE 1S
006E   1206           00169         BCF QUARTO
006F   1686           00170         BSF CONTROLE
0070   1606           00171         BSF QUARTO
0071   2???           00172         CALL ATRASO ;DELAY DE 1S
0072   1286           00173         BCF CONTROLE
0073   2???           00174         CALL ATRASO ;DELAY DE 1S
0074   1206           00175         BCF QUARTO
0075   1686           00176         BSF CONTROLE
0076   1606           00177         BSF QUARTO
0077   2???           00178         CALL ATRASO ;DELAY DE 1S
0078   1286           00179         BCF CONTROLE
0079   2???           00180         CALL ATRASO ;DELAY DE 1S
007A   1206           00181         BCF QUARTO
007B   1686           00182         BSF CONTROLE
007C   0008           00183         RETURN
                      00184 
007D                  00185 ATRASO                          
007D   3036           00186         MOVLW   54                      ;COLOCA 54 NO ACUMULADOR W
007E   00A0           00187         MOVWF   CONTADOR1       ;MOVE O VALOR DE w PARA DENTRO DE UM REGISTRADOR F
                      00188                                                 ;CONTADOR1 = 122
                      00189 
                      00190 ;PRIMEIRA FUNÇÃO DE ATRASO, COMO SE FOSSE O FOR MAIS EXTERNO
007F                  00191 ATRASO1                         
007F   3034           00192         MOVLW   52                      ;COLOCA 52 NO ACUMULADOR W      
0080   00A1           00193         MOVWF   CONTADOR2       ;MOVE O VALOR DE w PARA DENTRO DE UM REGISTRADOR F
0081   2???           00194         CALL    ATRASO2         ;CHAMA A SEGUNDA FUNÇÃO DE ATRASO
                      00195         
Message[305]: Using default destination of 1 (file).
0082   0BA0           00196         DECFSZ  CONTADOR1       ;LOOP DE 122 ATÉ 1
0083   2???           00197         GOTO    ATRASO1                                                 
                      00198         
0084   0008           00199         RETURN                          
                      00200 
                      00201 ;SEGUNDA FUNÇÃO DE ATRASO, COMO SE FOSSE O FOR DO MEIO
0085                  00202 ATRASO2
0085   3074           00203         MOVLW   116             ;COLOCA 116 NO ACUMULADOR W     
MPASM  5.35                  ELEVATOR_NEW.ASM   6-3-2019  23:15:18         PAGE  5


LOC  OBJECT CODE     LINE SOURCE TEXT
  VALUE

0086   00A2           00204         MOVWF   CONTADOR3       ;MOVE O VALOR DE w PARA DENTRO DE UM REGISTRADOR F
0087   2???           00205         CALL    ATRASO3         ;CHAMA A TERCEIRA FUNÇÃO DE ATRASO
                      00206         
Message[305]: Using default destination of 1 (file).
0088   0BA1           00207         DECFSZ CONTADOR2        ;LOOP DE 150 ATÉ 1
0089   2???           00208         GOTO ATRASO2
008A   2???           00209         CALL TESTA_BOTAO        
                      00210 
008B   0008           00211         RETURN
                      00212 
                      00213 ;TERCEIRA FUNÇÃO DE ATRASO, COMO SE FOSSE O FOR MAIS INTERNO
008C                  00214 ATRASO3
Message[305]: Using default destination of 1 (file).
008C   0BA2           00215         DECFSZ CONTADOR3        ;LOOP DE 244 ATÉ 1
008D   2???           00216         GOTO ATRASO3
                      00217         
008E   0008           00218         RETURN
                      00219 
                      00220 ;FUNÇÃO QUE TESTA SE O BOTÃO ESTÁ PRESSIONADO
008F                  00221 TESTA_BOTAO
008F   1905           00222         BTFSC   BOTAO           ;O BOTÃO ESTÁ PRESSIONADO?
Warning[211]: Extraneous arguments on the line.
0090   0008           00223         RETURN  ATRASO3     ; NAO, ESPERA SER PRESSIONADO
0091   2???           00224         GOTO    BOTAO_PRESSIONADO       ;SIM, ENTÃO TRATA BOTÃO PRESSIONADO
                      00225         
Warning[211]: Extraneous arguments on the line.
0092   0008           00226         RETURN ATRASO3
                      00227 
0093                  00228 BOTAO_PRESSIONADO
                      00229         ;ESPERA OS DOIS SEGUNDOS DO ANDAR
                      00230         ;GOTO ATRASO
                      00231         ;GOTO ATRASO
                      00232         ;RETURN
                      00233 
Warning[205]: Found directive in column 1. (END)
3F10                  00234 END
MPASM  5.35                  ELEVATOR_NEW.ASM   6-3-2019  23:15:18         PAGE  6


SYMBOL TABLE
  LABEL                             VALUE 

ADEN                              00000003
ATRASO                            0000007D
ATRASO1                           0000007F
ATRASO2                           00000085
ATRASO3                           0000008C
BOTAO                             PORTA,2
BOTAO_PRESSIONADO                 00000093
BRGH                              00000002
C                                 00000000
C1INV                             00000004
C1OUT                             00000006
C2INV                             00000005
C2OUT                             00000007
CCP1CON                           00000017
CCP1IE                            00000002
CCP1IF                            00000002
CCP1M0                            00000000
CCP1M1                            00000001
CCP1M2                            00000002
CCP1M3                            00000003
CCP1X                             00000005
CCP1Y                             00000004
CCPR1H                            00000016
CCPR1L                            00000015
CIS                               00000003
CM0                               00000000
CM1                               00000001
CM2                               00000002
CMCON                             0000001F
CMIE                              00000006
CMIF                              00000006
CONTADOR1                         00000020
CONTADOR2                         00000021
CONTADOR3                         00000022
CONTROLE                          PORTB,5
CREN                              00000004
CSRC                              00000007
DC                                00000001
EEADR                             0000009B
EECON1                            0000009C
EECON2                            0000009D
EEDATA                            0000009A
EEIE                              00000007
EEIF                              00000007
F                                 00000001
FERR                              00000002
FSR                               00000004
GIE                               00000007
INDF                              00000000
INICIO                            00000001
INTCON                            0000000B
INTE                              00000004
INTEDG                            00000006
MPASM  5.35                  ELEVATOR_NEW.ASM   6-3-2019  23:15:18         PAGE  7


SYMBOL TABLE
  LABEL                             VALUE 

INTF                              00000001
IRP                               00000007
NOT_BO                            00000000
NOT_BOD                           00000000
NOT_BOR                           00000000
NOT_PD                            00000003
NOT_POR                           00000001
NOT_RBPU                          00000007
NOT_T1SYNC                        00000002
NOT_TO                            00000004
OERR                              00000001
OPTION_REG                        00000081
OSCF                              00000003
PCL                               00000002
PCLATH                            0000000A
PCON                              0000008E
PEIE                              00000006
PIE1                              0000008C
PIR1                              0000000C
PORTA                             00000005
PORTB                             00000006
PR2                               00000092
PRIMEIRO                          PORTB,1
PRIMEIROANDAR                     00000025
PS0                               00000000
PS1                               00000001
PS2                               00000002
PSA                               00000003
QUARTO                            PORTB,4
QUARTOANDAR                       0000005E
RBIE                              00000003
RBIF                              00000000
RCIE                              00000005
RCIF                              00000005
RCREG                             0000001A
RCSTA                             00000018
RD                                00000000
REPETE                            0000000B
RP0                               00000005
RP1                               00000006
RX9                               00000006
RX9D                              00000000
SEGUNDO                           PORTB,2
SEGUNDOANDAR                      00000032
SPBRG                             00000099
SPEN                              00000007
SREN                              00000005
STATUS                            00000003
SYNC                              00000004
T0CS                              00000005
T0IE                              00000005
T0IF                              00000002
T0SE                              00000004
MPASM  5.35                  ELEVATOR_NEW.ASM   6-3-2019  23:15:18         PAGE  8


SYMBOL TABLE
  LABEL                             VALUE 

T1CKPS0                           00000004
T1CKPS1                           00000005
T1CON                             00000010
T1OSCEN                           00000003
T2CKPS0                           00000000
T2CKPS1                           00000001
T2CON                             00000012
TER                               0000001D
TERCEIRO                          PORTB,3
TERCEIROANDAR                     00000045
TERREO                            PORTB,0
TESTA_BOTAO                       0000008F
TMR0                              00000001
TMR1CS                            00000001
TMR1H                             0000000F
TMR1IE                            00000000
TMR1IF                            00000000
TMR1L                             0000000E
TMR1ON                            00000000
TMR2                              00000011
TMR2IE                            00000001
TMR2IF                            00000001
TMR2ON                            00000002
TOUTPS0                           00000003
TOUTPS1                           00000004
TOUTPS2                           00000005
TOUTPS3                           00000006
TRISA                             00000085
TRISB                             00000086
TRMT                              00000001
TX9                               00000006
TX9D                              00000000
TXEN                              00000005
TXIE                              00000004
TXIF                              00000004
TXREG                             00000019
TXSTA                             00000098
VR0                               00000000
VR1                               00000001
VR2                               00000002
VR3                               00000003
VRCON                             0000009F
VREN                              00000007
VROE                              00000006
VRR                               00000005
W                                 00000000
WR                                00000001
WREN                              00000002
WRERR                             00000003
Z                                 00000002
_BODEN_OFF                        00003FBF
_BODEN_ON                         00003FFF
_BOREN_OFF                        00003FBF
MPASM  5.35                  ELEVATOR_NEW.ASM   6-3-2019  23:15:18         PAGE  9


SYMBOL TABLE
  LABEL                             VALUE 

_BOREN_ON                         00003FFF
_CP_OFF                           00003FFF
_CP_ON                            00001FFF
_DATA_CP_OFF                      00003FFF
_DATA_CP_ON                       00003EFF
_ER_OSC_CLKOUT                    00003FFF
_ER_OSC_NOCLKOUT                  00003FFE
_EXTCLK_OSC                       00003FEF
_HS_OSC                           00003FEE
_INTOSC_OSC_CLKOUT                00003FFD
_INTOSC_OSC_NOCLKOUT              00003FFC
_INTRC_OSC_CLKOUT                 00003FFD
_INTRC_OSC_NOCLKOUT               00003FFC
_LP_OSC                           00003FEC
_LVP_OFF                          00003F7F
_LVP_ON                           00003FFF
_MCLRE_OFF                        00003FDF
_MCLRE_ON                         00003FFF
_PWRTE_OFF                        00003FFF
_PWRTE_ON                         00003FF7
_RC_OSC_CLKOUT                    00003FFF
_RC_OSC_NOCLKOUT                  00003FFE
_WDT_OFF                          00003FFB
_WDT_ON                           00003FFF
_XT_OSC                           00003FED
__16F628A                         00000001
__DEBUG                           1

Errors   :     0
Warnings :     5 reported,     0 suppressed
Messages :     5 reported,     0 suppressed

