MPASM  5.35                      ELEVATOR.ASM   5-31-2019  18:12:44         PAGE  1


LOC  OBJECT CODE     LINE SOURCE TEXT
  VALUE

                      00001 ;************** TRABALHIN ZIKA (help) GGEZ *****************
Warning[205]: Found directive in column 1. (LIST)
                      00002 LIST   P=PIC16F628A
Warning[205]: Found directive in column 1. (RADIX)
                      00003 RADIX DEC       
                      00004 #INCLUDE <P16F628A.INC>
                      00001         LIST
                      00002 ; P16F628A.INC  Standard Header File, Version 1.10    Microchip Technology, Inc.
                      00265         LIST
                      00266 
2007   3F10           00005         __CONFIG H'3F10'
                      00006 
                      00007         CBLOCK  0x20    ;ENDEREÇO INICIAL DA MEMÓRIA DE
                      00008                                         ;USUÁRIO
  00000020            00009         CONTADOR1
  00000021            00010         CONTADOR2
  00000022            00011         CONTADOR3
  00000023            00012         CONTADOR_BOTAO1
  00000024            00013         CONTADOR_BOTAO2
                      00014 
                      00015         ENDC                    ;FIM DO BLOCO DE MEMÓRIA        
                      00016 
                      00017         #DEFINE BOTAO PORTA,2 ;PORTA DO BOTÃO
                      00018                                           ; 0 -> PRESSIONADO
                      00019                                           ; 1 -> LIBERADO
                      00020 
                      00021         #DEFINE TERREO PORTB,0  ;PORTA DO LED TERREO
                      00022                                         ; 0 -> APAGADO
                      00023                                         ; 1 -> ACESO    
                      00024 
                      00025         #DEFINE PRIMEIRO PORTB,1        ;PORTA DO LED PRIMEIRO ANDAR
                      00026                                         ; 0 -> APAGADO
                      00027                                         ; 1 -> ACESO    
                      00028 
                      00029         #DEFINE SEGUNDO PORTB,2 ;PORTA DO LED SEGUNDO ANDAR
                      00030                                         ; 0 -> APAGADO
                      00031                                         ; 1 -> ACESO    
                      00032 
                      00033         #DEFINE TERCEIRO PORTB,3        ;PORTA DO LED TERCEIRO ANDAR
                      00034                                         ; 0 -> APAGADO
                      00035                                         ; 1 -> ACESO    
                      00036 
                      00037         #DEFINE QUARTO PORTB,4  ;PORTA DO LED QUARTO ANDAR
                      00038                                         ; 0 -> APAGADO
                      00039                                         ; 1 -> ACESO    
                      00040 
                      00041         #DEFINE CONTROLE PORTB,5 ;PORTA DO LED CONTROLE
                      00042                                         ; 0 -> APAGADO
                      00043                                         ; 1 -> ACESO    
                      00044         #DEFINE PRESSIONADO PORTB,6 ; LED QUE INDICA QUE O BOTÃO FOI PRESSIONADO
                      00045                                         ; 0 -> APAGADO
                      00046                                         ; 1 -> ACESO    
                      00047         
MPASM  5.35                      ELEVATOR.ASM   5-31-2019  18:12:44         PAGE  2


LOC  OBJECT CODE     LINE SOURCE TEXT
  VALUE

                      00048         ORG     0x00            ;ENDEREÇO INICIAL DE PROCESSAMENTO
0000   2???           00049         GOTO    INICIO
                      00050                 
0001                  00051 INICIO
0001   0185           00052         CLRF    PORTA           ;LIMPA O PORTA
0002   0186           00053         CLRF    PORTB           ;LIMPA O PORTB
0003   1683           00054         BSF STATUS, RP0                 ;ALTERA PARA O BANCO 1
0004   3004           00055         MOVLW   B'00000100'
Message[302]: Register in operand not in bank 0.  Ensure that bank bits are correct.
0005   0085           00056         MOVWF   TRISA           ;DEFINE RA2 COMO ENTRADA E DEMAIS COMO SAÍDAS
Message[302]: Register in operand not in bank 0.  Ensure that bank bits are correct.
0006   0186           00057         CLRF    TRISB           ;DEFINE TODO O PORTB COMO SAÍDA
0007   018B           00058         CLRF    INTCON          ;TODAS AS INTERRUPÇÕES DESLIGADAS
0008   1283           00059         BCF STATUS, RP0 ;RETORNA PARA O BANCO 0
0009   3007           00060         MOVLW   B'00000111'
000A   009F           00061         MOVWF   CMCON           ;DEFINE O MODO DO COMPARADOR ANALÓGICO
                      00062 
000B                  00063 REPETE
000B   2???           00064         CALL TER
                      00065         ;TESTA SE O BOTÃO FOI PRESSIONADO, SE SIM VAI PARA O TERREO
000C   1B06           00066         BTFSC PRESSIONADO
000D   2???           00067         GOTO REPETE
                      00068         
000E   2???           00069         CALL PRIMEIROANDAR
                      00070         ;TESTA SE O BOTÃO FOI PRESSIONADO, SE SIM VAI PARA O TERREO
000F   1B06           00071         BTFSC PRESSIONADO
0010   2???           00072         GOTO REPETE
                      00073 
0011   2???           00074         CALL SEGUNDOANDAR
                      00075         ;TESTA SE O BOTÃO FOI PRESSIONADO, SE SIM VAI PARA O PRIMEIRO_ANDAR
0012   1B06           00076         BTFSC PRESSIONADO
0013   2???           00077         GOTO PRIMEIRO_ANDAR
                      00078         
0014   2???           00079         CALL TERCEIROANDAR
                      00080         ;TESTA SE O BOTÃO FOI PRESSIONADO, SE SIM VAI PARA O SEGUNDO_ANDAR
0015   1B06           00081         BTFSC PRESSIONADO
0016   2???           00082         GOTO SEGUNDO_ANDAR
                      00083 
0017   2???           00084         CALL QUARTOANDAR
                      00085         ;TESTA SE O BOTÃO FOI PRESSIONADO, SE SIM VAI PARA O TERCEIRO_ANDAR, NESSE CASO NÃO IRÁ PRECISAR
                             DESVIAR, APENAS CONTINUAR PARA BAIXO
                      00086 
0018                  00087 TERCEIRO_ANDAR
0018   2???           00088         CALL TERCEIROANDAR
0019                  00089 SEGUNDO_ANDAR
0019   2???           00090         CALL SEGUNDOANDAR
001A                  00091 PRIMEIRO_ANDAR
001A   2???           00092         CALL PRIMEIROANDAR
001B   2???           00093         CALL TER
001C   2???           00094         GOTO REPETE 
                      00095 
001D                  00096 TER
001D   1306           00097         BCF PRESSIONADO ;LIMPA O BOTÃO DE PRESSIONADO
MPASM  5.35                      ELEVATOR.ASM   5-31-2019  18:12:44         PAGE  3


LOC  OBJECT CODE     LINE SOURCE TEXT
  VALUE

001E   1406           00098         BSF TERREO
001F   1686           00099         BSF CONTROLE
0020   2???           00100         CALL ATRASO ;DELAY DE 1S
0021   1286           00101         BCF CONTROLE
0022   2???           00102         CALL ATRASO ;DELAY DE 1S
0023   1006           00103         BCF TERREO
0024   1686           00104         BSF CONTROLE
0025   0008           00105         RETURN
                      00106 
0026                  00107 PRIMEIROANDAR
0026   1306           00108         BCF PRESSIONADO ;LIMPA O BOTÃO DE PRESSIONADO
0027   1486           00109         BSF PRIMEIRO
0028   2???           00110         CALL ATRASO ;DELAY DE 1S
0029   1286           00111         BCF CONTROLE
002A   2???           00112         CALL ATRASO ;DELAY DE 1S
002B   1086           00113         BCF PRIMEIRO
002C   1686           00114         BSF CONTROLE
002D   1486           00115         BSF PRIMEIRO
002E   2???           00116         CALL ATRASO ;DELAY DE 1S
002F   1286           00117         BCF CONTROLE
0030   2???           00118         CALL ATRASO ;DELAY DE 1S
0031   1086           00119         BCF PRIMEIRO
0032   1686           00120         BSF CONTROLE
0033   0008           00121         RETURN
                      00122 
0034                  00123 SEGUNDOANDAR
0034   1306           00124         BCF PRESSIONADO ;LIMPA O BOTÃO DE PRESSIONADO
0035   1506           00125         BSF SEGUNDO
0036   2???           00126         CALL ATRASO ;DELAY DE 1S
0037   1286           00127         BCF CONTROLE
0038   2???           00128         CALL ATRASO ;DELAY DE 1S
0039   1106           00129         BCF SEGUNDO
003A   1686           00130         BSF CONTROLE
003B   1506           00131         BSF SEGUNDO
003C   2???           00132         CALL ATRASO ;DELAY DE 1S
003D   1286           00133         BCF CONTROLE
003E   2???           00134         CALL ATRASO ;DELAY DE 1S
003F   1106           00135         BCF SEGUNDO
0040   1686           00136         BSF CONTROLE
0041   1506           00137         BSF SEGUNDO
0042   2???           00138         CALL ATRASO ;DELAY DE 1S
0043   1286           00139         BCF CONTROLE
0044   2???           00140         CALL ATRASO ;DELAY DE 1S
0045   1106           00141         BCF SEGUNDO
0046   1686           00142         BSF CONTROLE
0047   0008           00143         RETURN
                      00144 
0048                  00145 TERCEIROANDAR
0048   1306           00146         BCF PRESSIONADO ;LIMPA O BOTÃO DE PRESSIONADO
0049   1586           00147         BSF TERCEIRO
004A   2???           00148         CALL ATRASO ;DELAY DE 1S
004B   1286           00149         BCF CONTROLE
004C   2???           00150         CALL ATRASO ;DELAY DE 1S
MPASM  5.35                      ELEVATOR.ASM   5-31-2019  18:12:44         PAGE  4


LOC  OBJECT CODE     LINE SOURCE TEXT
  VALUE

004D   1186           00151         BCF TERCEIRO
004E   1686           00152         BSF CONTROLE
004F   1586           00153         BSF TERCEIRO
0050   2???           00154         CALL ATRASO ;DELAY DE 1S
0051   1286           00155         BCF CONTROLE
0052   2???           00156         CALL ATRASO ;DELAY DE 1S
0053   1186           00157         BCF TERCEIRO
0054   1686           00158         BSF CONTROLE
0055   1586           00159         BSF TERCEIRO
0056   2???           00160         CALL ATRASO ;DELAY DE 1S
0057   1286           00161         BCF CONTROLE
0058   2???           00162         CALL ATRASO ;DELAY DE 1S
0059   1186           00163         BCF TERCEIRO
005A   1686           00164         BSF CONTROLE
005B   1586           00165         BSF TERCEIRO
005C   2???           00166         CALL ATRASO ;DELAY DE 1S
005D   1286           00167         BCF CONTROLE
005E   2???           00168         CALL ATRASO ;DELAY DE 1S
005F   1186           00169         BCF TERCEIRO
0060   1686           00170         BSF CONTROLE
0061   0008           00171         RETURN
                      00172 
0062                  00173 QUARTOANDAR
0062   1306           00174         BCF PRESSIONADO ;LIMPA O BOTÃO DE PRESSIONADO
0063   1606           00175         BSF QUARTO
0064   2???           00176         CALL ATRASO ;DELAY DE 1S
0065   1286           00177         BCF CONTROLE
0066   2???           00178         CALL ATRASO ;DELAY DE 1S
0067   1206           00179         BCF QUARTO
0068   1686           00180         BSF CONTROLE
0069   1606           00181         BSF QUARTO
006A   2???           00182         CALL ATRASO ;DELAY DE 1S
006B   1286           00183         BCF CONTROLE
006C   2???           00184         CALL ATRASO ;DELAY DE 1S
006D   1206           00185         BCF QUARTO
006E   1686           00186         BSF CONTROLE
006F   1606           00187         BSF QUARTO
0070   2???           00188         CALL ATRASO ;DELAY DE 1S
0071   1286           00189         BCF CONTROLE
0072   2???           00190         CALL ATRASO ;DELAY DE 1S
0073   1206           00191         BCF QUARTO
0074   1686           00192         BSF CONTROLE
0075   1606           00193         BSF QUARTO
0076   2???           00194         CALL ATRASO ;DELAY DE 1S
0077   1286           00195         BCF CONTROLE
0078   2???           00196         CALL ATRASO ;DELAY DE 1S
0079   1206           00197         BCF QUARTO
007A   1686           00198         BSF CONTROLE
007B   1606           00199         BSF QUARTO
007C   2???           00200         CALL ATRASO ;DELAY DE 1S
007D   1286           00201         BCF CONTROLE
007E   2???           00202         CALL ATRASO ;DELAY DE 1S
007F   1206           00203         BCF QUARTO
MPASM  5.35                      ELEVATOR.ASM   5-31-2019  18:12:44         PAGE  5


LOC  OBJECT CODE     LINE SOURCE TEXT
  VALUE

0080   1686           00204         BSF CONTROLE
0081   0008           00205         RETURN
                      00206 
0082                  00207 ATRASO                  
                      00208         ;SETAR CONTADORES       
0082   3003           00209         MOVLW   3       ;7
0083   00A0           00210         MOVWF   CONTADOR1
0084   3019           00211         MOVLW   25 ;22
0085   00A1           00212         MOVWF   CONTADOR2
0086   300F           00213         MOVLW   15 ;67
0087   00A2           00214         MOVWF   CONTADOR3
                      00215 
0088                  00216 ATRASO1                         
0088   1F06           00217         BTFSS PRESSIONADO ;SE O LED DE PRESSIONADO ESTIVER EM 1 NÃO TESTA SE O BOTÃO ESTÁ PRESSIONADO
0089   2???           00218         CALL TESTAR_BOTAO
Message[305]: Using default destination of 1 (file).
008A   0BA0           00219         DECFSZ  CONTADOR1 ;TESTAR SE CONTADOR1 < 0
008B   2???           00220         GOTO ATRASO2
                      00221 
008C   0008           00222         RETURN ;RETORNAR PARA ONDE O ATRASO FOI CHAMADO
                      00223 
008D                  00224 ATRASO2
008D   1F06           00225         BTFSS PRESSIONADO ;SE O LED DE PRESSIONADO ESTIVER EM 1 NÃO TESTA SE O BOTÃO ESTÁ PRESSIONADO
008E   2???           00226         CALL TESTAR_BOTAO
Message[305]: Using default destination of 1 (file).
008F   0BA1           00227         DECFSZ CONTADOR2 ;TESTAR SE CONTADOR1 < 0
0090   2???           00228         GOTO ATRASO3
0091   2???           00229         GOTO ATRASO1
                      00230 
0092                  00231 ATRASO3
0092   1F06           00232         BTFSS PRESSIONADO ;SE O LED DE PRESSIONADO ESTIVER EM 1 NÃO TESTA SE O BOTÃO ESTÁ PRESSIONADO
0093   2???           00233         CALL TESTAR_BOTAO
Message[305]: Using default destination of 1 (file).
0094   0BA2           00234         DECFSZ CONTADOR3 ;TESTAR SE CONTADOR1 < 0
0095   2???           00235         GOTO ATRASO3
0096   2???           00236         GOTO ATRASO2    
                      00237         
0097                  00238 TESTAR_BOTAO
0097   1905           00239         BTFSC   BOTAO           ;O BOTÃO ESTÁ PRESSIONADO?
0098   2???           00240         CALL    ATRASO_BOTAO ; NAO, FAZ UM ATRASO DE 30MSECS E VOLTA ONDE FOI CHAMADO
0099                  00241 CONTINUA
0099   2???           00242         CALL    BOTAO_PRESSIONADO       ;SIM, ENTÃO TRATA BOTÃO PRESSIONADO
009A                  00243 DESCE   
009A   0008           00244         RETURN
                      00245 
009B                  00246 BOTAO_PRESSIONADO
009B   1706           00247         BSF PRESSIONADO
009C   2???           00248         GOTO ATRASO
009D   2???           00249         GOTO ATRASO
009E   2???           00250         GOTO DESCE
                      00251 
009F                  00252 ATRASO_BOTAO
009F   3028           00253         MOVLW   40 ;40
MPASM  5.35                      ELEVATOR.ASM   5-31-2019  18:12:44         PAGE  6


LOC  OBJECT CODE     LINE SOURCE TEXT
  VALUE

00A0   00A3           00254         MOVWF   CONTADOR_BOTAO1
00A1   3028           00255         MOVLW   40 ;40
00A2   00A4           00256         MOVWF   CONTADOR_BOTAO2
                      00257         
                      00258 
00A3                  00259 ATRASO_BOTAO1
Message[305]: Using default destination of 1 (file).
00A3   0BA3           00260         DECFSZ CONTADOR_BOTAO1 ;TESTAR SE CONTADOR1 < 0
00A4   2???           00261         GOTO ATRASO_BOTAO2
00A5   2???           00262         GOTO CONTINUA
                      00263 
00A6                  00264 ATRASO_BOTAO2
Message[305]: Using default destination of 1 (file).
00A6   0BA4           00265         DECFSZ CONTADOR_BOTAO2 ;TESTAR SE CONTADOR1 < 0
00A7   2???           00266         GOTO ATRASO_BOTAO2
00A8   2???           00267         GOTO ATRASO_BOTAO1
Warning[205]: Found directive in column 1. (END)
3F10                  00268 END
MPASM  5.35                      ELEVATOR.ASM   5-31-2019  18:12:44         PAGE  7


SYMBOL TABLE
  LABEL                             VALUE 

ADEN                              00000003
ATRASO                            00000082
ATRASO1                           00000088
ATRASO2                           0000008D
ATRASO3                           00000092
ATRASO_BOTAO                      0000009F
ATRASO_BOTAO1                     000000A3
ATRASO_BOTAO2                     000000A6
BOTAO                             PORTA,2
BOTAO_PRESSIONADO                 0000009B
BRGH                              00000002
C                                 00000000
C1INV                             00000004
C1OUT                             00000006
C2INV                             00000005
C2OUT                             00000007
CCP1CON                           00000017
CCP1IE                            00000002
CCP1IF                            00000002
CCP1M0                            00000000
CCP1M1                            00000001
CCP1M2                            00000002
CCP1M3                            00000003
CCP1X                             00000005
CCP1Y                             00000004
CCPR1H                            00000016
CCPR1L                            00000015
CIS                               00000003
CM0                               00000000
CM1                               00000001
CM2                               00000002
CMCON                             0000001F
CMIE                              00000006
CMIF                              00000006
CONTADOR1                         00000020
CONTADOR2                         00000021
CONTADOR3                         00000022
CONTADOR_BOTAO1                   00000023
CONTADOR_BOTAO2                   00000024
CONTINUA                          00000099
CONTROLE                          PORTB,5
CREN                              00000004
CSRC                              00000007
DC                                00000001
DESCE                             0000009A
EEADR                             0000009B
EECON1                            0000009C
EECON2                            0000009D
EEDATA                            0000009A
EEIE                              00000007
EEIF                              00000007
F                                 00000001
FERR                              00000002
MPASM  5.35                      ELEVATOR.ASM   5-31-2019  18:12:44         PAGE  8


SYMBOL TABLE
  LABEL                             VALUE 

FSR                               00000004
GIE                               00000007
INDF                              00000000
INICIO                            00000001
INTCON                            0000000B
INTE                              00000004
INTEDG                            00000006
INTF                              00000001
IRP                               00000007
NOT_BO                            00000000
NOT_BOD                           00000000
NOT_BOR                           00000000
NOT_PD                            00000003
NOT_POR                           00000001
NOT_RBPU                          00000007
NOT_T1SYNC                        00000002
NOT_TO                            00000004
OERR                              00000001
OPTION_REG                        00000081
OSCF                              00000003
PCL                               00000002
PCLATH                            0000000A
PCON                              0000008E
PEIE                              00000006
PIE1                              0000008C
PIR1                              0000000C
PORTA                             00000005
PORTB                             00000006
PR2                               00000092
PRESSIONADO                       PORTB,6
PRIMEIRO                          PORTB,1
PRIMEIROANDAR                     00000026
PRIMEIRO_ANDAR                    0000001A
PS0                               00000000
PS1                               00000001
PS2                               00000002
PSA                               00000003
QUARTO                            PORTB,4
QUARTOANDAR                       00000062
RBIE                              00000003
RBIF                              00000000
RCIE                              00000005
RCIF                              00000005
RCREG                             0000001A
RCSTA                             00000018
RD                                00000000
REPETE                            0000000B
RP0                               00000005
RP1                               00000006
RX9                               00000006
RX9D                              00000000
SEGUNDO                           PORTB,2
SEGUNDOANDAR                      00000034
MPASM  5.35                      ELEVATOR.ASM   5-31-2019  18:12:44         PAGE  9


SYMBOL TABLE
  LABEL                             VALUE 

SEGUNDO_ANDAR                     00000019
SPBRG                             00000099
SPEN                              00000007
SREN                              00000005
STATUS                            00000003
SYNC                              00000004
T0CS                              00000005
T0IE                              00000005
T0IF                              00000002
T0SE                              00000004
T1CKPS0                           00000004
T1CKPS1                           00000005
T1CON                             00000010
T1OSCEN                           00000003
T2CKPS0                           00000000
T2CKPS1                           00000001
T2CON                             00000012
TER                               0000001D
TERCEIRO                          PORTB,3
TERCEIROANDAR                     00000048
TERCEIRO_ANDAR                    00000018
TERREO                            PORTB,0
TESTAR_BOTAO                      00000097
TMR0                              00000001
TMR1CS                            00000001
TMR1H                             0000000F
TMR1IE                            00000000
TMR1IF                            00000000
TMR1L                             0000000E
TMR1ON                            00000000
TMR2                              00000011
TMR2IE                            00000001
TMR2IF                            00000001
TMR2ON                            00000002
TOUTPS0                           00000003
TOUTPS1                           00000004
TOUTPS2                           00000005
TOUTPS3                           00000006
TRISA                             00000085
TRISB                             00000086
TRMT                              00000001
TX9                               00000006
TX9D                              00000000
TXEN                              00000005
TXIE                              00000004
TXIF                              00000004
TXREG                             00000019
TXSTA                             00000098
VR0                               00000000
VR1                               00000001
VR2                               00000002
VR3                               00000003
VRCON                             0000009F
MPASM  5.35                      ELEVATOR.ASM   5-31-2019  18:12:44         PAGE 10


SYMBOL TABLE
  LABEL                             VALUE 

VREN                              00000007
VROE                              00000006
VRR                               00000005
W                                 00000000
WR                                00000001
WREN                              00000002
WRERR                             00000003
Z                                 00000002
_BODEN_OFF                        00003FBF
_BODEN_ON                         00003FFF
_BOREN_OFF                        00003FBF
_BOREN_ON                         00003FFF
_CP_OFF                           00003FFF
_CP_ON                            00001FFF
_DATA_CP_OFF                      00003FFF
_DATA_CP_ON                       00003EFF
_ER_OSC_CLKOUT                    00003FFF
_ER_OSC_NOCLKOUT                  00003FFE
_EXTCLK_OSC                       00003FEF
_HS_OSC                           00003FEE
_INTOSC_OSC_CLKOUT                00003FFD
_INTOSC_OSC_NOCLKOUT              00003FFC
_INTRC_OSC_CLKOUT                 00003FFD
_INTRC_OSC_NOCLKOUT               00003FFC
_LP_OSC                           00003FEC
_LVP_OFF                          00003F7F
_LVP_ON                           00003FFF
_MCLRE_OFF                        00003FDF
_MCLRE_ON                         00003FFF
_PWRTE_OFF                        00003FFF
_PWRTE_ON                         00003FF7
_RC_OSC_CLKOUT                    00003FFF
_RC_OSC_NOCLKOUT                  00003FFE
_WDT_OFF                          00003FFB
_WDT_ON                           00003FFF
_XT_OSC                           00003FED
__16F628A                         00000001
__DEBUG                           1

Errors   :     0
Warnings :     3 reported,     0 suppressed
Messages :     7 reported,     0 suppressed

